Microsoft (R) Macro Assembler Version 14.44.35213.0	    12/08/25 17:03:28
out.asm							     Page 1 - 1


				.586
				.model flat, stdcall
				includelib libucrt.lib
				includelib kernel32.lib
				includelib ../Debug/StaticLibrary.lib
				ExitProcess PROTO:DWORD 
				.stack 4096


				 outlich PROTO : DWORD

				 outrad PROTO : DWORD

				 concat PROTO : DWORD, : DWORD, : DWORD

				 compare PROTO : DWORD, : DWORD, : DWORD

				 rnd PROTO : DWORD, : DWORD, : DWORD

				 slength PROTO : DWORD, : DWORD

				 aton  PROTO : DWORD,  : DWORD

 00000000			.const
 00000000 0D 0A 00				newline byte 13, 10, 0
 00000003 52 65 73 75 6C			LTRL1 byte 'Result: ', 0
	   74 3A 20 00
 0000000C 4E 75 6D 62 65			LTRL2 byte 'Number at sixteen format: ', 0
	   72 20 61 74 20
	   73 69 78 74 65
	   65 6E 20 66 6F
	   72 6D 61 74 3A
	   20 00
 00000027 004A					LTRL3 sword 74
 00000029 2D 2D 2D 2D 2D			LTRL4 byte '----------------------', 0
	   2D 2D 2D 2D 2D
	   2D 2D 2D 2D 2D
	   2D 2D 2D 2D 2D
	   2D 2D 00
 00000040 0002					LTRL5 sword 2
 00000042 0004					LTRL6 sword 4
 00000044 FFFC					LTRL7 sword -4
 00000046 52 65 73 75 6C			LTRL8 byte 'Result of division: ', 0
	   74 20 6F 66 20
	   64 69 76 69 73
	   69 6F 6E 3A 20
	   00
 0000005B 28 00					LTRL9 byte '(', 0
 0000005D 3E 3D 00				LTRL10 byte '>=', 0
 00000060 29 20 3A 00				LTRL11 byte ') :', 0
 00000064 54 72 75 65 00			LTRL12 byte 'True', 0
 00000069 46 61 6C 73 65			LTRL13 byte 'False', 0
	   00
 0000006F 48 00					LTRL14 byte 'H', 0
 00000071 69 00					LTRL15 byte 'i', 0
 00000073 21 00					LTRL16 byte '!', 0
 00000075 43 6F 6D 70 61			LTRL17 byte 'Compare: ', 0
	   72 65 3A 20 00
 0000007F 0001					LTRL18 sword 1
 00000081 54 68 65 20 6C			LTRL19 byte 'The lines are the same', 0
	   69 6E 65 73 20
	   61 72 65 20 74
	   68 65 20 73 61
	   6D 65 00
 00000098 54 68 65 20 6C			LTRL20 byte 'The lines are not the same', 0
	   69 6E 65 73 20
	   61 72 65 20 6E
	   6F 74 20 74 68
	   65 20 73 61 6D
	   65 00
 000000B3 52 61 6E 64 6F			LTRL21 byte 'Random number: ', 0
	   6D 20 6E 75 6D
	   62 65 72 3A 20
	   00
 000000C3 000A					LTRL22 sword 10
 000000C5 0005					LTRL23 sword 5
 000000C7 0007					LTRL24 sword 7
 000000C9 41 72 69 74 68			LTRL25 byte 'Arithmetic expression:  ', 0
	   6D 65 74 69 63
	   20 65 78 70 72
	   65 73 73 69 6F
	   6E 3A 20 20 00
 000000E2 0008					LTRL26 sword 8
 000000E4 31 32 33 00				LTRL27 byte '123', 0
 000000E8 43 6F 6E 76 65			LTRL28 byte 'Converting a string to a number: ', 0
	   72 74 69 6E 67
	   20 61 20 73 74
	   72 69 6E 67 20
	   74 6F 20 61 20
	   6E 75 6D 62 65
	   72 3A 20 00
 0000010A 49 20 6C 6F 76			LTRL29 byte 'I love BSTU', 0
	   65 20 42 53 54
	   55 00
 00000116 4C 69 6E 65 20			LTRL30 byte 'Line length: ', 0
	   6C 65 6E 67 74
	   68 3A 20 00
 00000124 0038					LTRL31 sword 56
 00000126 0009					LTRL32 sword 9
 00000128 52 65 6D 61 69			LTRL33 byte 'Remainder after division 56 by 9: ', 0
	   6E 64 65 72 20
	   61 66 74 65 72
	   20 64 69 76 69
	   73 69 6F 6E 20
	   35 36 20 62 79
	   20 39 3A 20 00
 0000014B 41 6E 64 72 65			LTRL34 byte 'Andreyeee ', 0
	   79 65 65 65 20
	   00
 00000156 47 65 72 61 73			LTRL35 byte 'Gerasimovich', 0
	   69 6D 6F 76 69
	   63 68 00
 00000163 45 72 72 6F 72			LTRL36 byte 'Error', 0
	   00
 00000169 43 79 63 6C 65			LTRL37 byte 'Cycle from 2 to 10: ', 0
	   20 66 72 6F 6D
	   20 32 20 74 6F
	   20 31 30 3A 20
	   00
 0000017E 20 00					LTRL38 byte ' ', 0
 00000000			.data
 00000000 0000					temp sword ?
 00000002  00000100 [				buffer byte 256 dup(0)
	    00
	   ]
 00000102 0000					maxres sword 0
 00000104 00000000				standstr dword 0
 00000108 0000					mainsix sword 0
 0000010A 00000000				mainstr dword 0
 0000010E 0000					mainabc sword 0
 00000110 0000					mainabcd sword 0
 00000112 0000					mainf sword 0
 00000114 0000					mains sword 0
 00000116 0000					mainfinish sword 0
 00000118 00000000				standmh dword 0
 0000011C 00000000				standmi dword 0
 00000120 00000000				standmiv dword 0
 00000124 00000000				standdsa dword 0
 00000128 00000000				standytr dword 0
 0000012C 0000					standasd sword 0
 0000012E 0000					standx sword 0
 00000130 0000					standu sword 0
 00000132 0000					standv sword 0
 00000134 0000					standr sword 0
 00000136 00000000				standc dword 0
 0000013A 0000					standk sword 0
 0000013C 00000000				standlen dword 0
 00000140 0000					standnumb sword 0
 00000142 0000					standremainder sword 0
 00000144 00000000				standname dword 0
 00000148 00000000				standsurname dword 0
 0000014C 0000					standpoi sword 0
 0000014E 0000					standisi sword 0
 00000150 0000					standab sword 0
 00000000			.code

				;----------- max ------------
 00000000			max PROC,
					maxx : DWORD, maxy : DWORD  
				; --- save registers ---
 00000003  53			push ebx
 00000004  52			push edx
				; ----------------------
 00000005  66| 8B 55 08		mov dx, word ptr maxx
 00000009  66| 3B 55 0C		cmp dx, word ptr maxy

 0000000D  7F 02		jg right1
 0000000F  7C 0F		jl wrong1
 00000011			right1:
 00000011  0F BF 45 08		movsx eax, word ptr maxx
 00000015  50			push eax

 00000016  5B			pop ebx
 00000017  66| 89 1D		mov word ptr maxres, bx
	   00000102 R

 0000001E  EB 0D		jmp next1
 00000020			wrong1:
 00000020  0F BF 45 0C		movsx eax, word ptr maxy
 00000024  50			push eax

 00000025  5B			pop ebx
 00000026  66| 89 1D		mov word ptr maxres, bx
	   00000102 R

 0000002D			next1:
				; --- restore registers ---
 0000002D  5A			pop edx
 0000002E  5B			pop ebx
				; -------------------------
 0000002F  66| A1		mov ax, word ptr maxres
	   00000102 R
				ret
 00000039			max ENDP
				;------------------------------


				;----------- stand ------------
 00000039			stand PROC,
					standa : DWORD, standb : DWORD  
				; --- save registers ---
 0000003C  53			push ebx
 0000003D  52			push edx
				; ----------------------

 0000003E  FF 75 0C		push standb
 00000041  FF 75 08		push standa
 00000044  68 00000002 R	push offset buffer
 00000049  E8 00000000 E	call concat
 0000004E  A3 00000104 R	mov standstr, eax

 00000053  68 00000003 R	push offset LTRL1
 00000058  E8 00000000 E	call outrad


 0000005D  FF 35 00000104 R	push standstr
 00000063  E8 00000000 E	call outrad

 00000068  68 00000000 R	push offset newline
 0000006D  E8 00000000 E	call outrad

				; --- restore registers ---
 00000072  5A			pop edx
 00000073  5B			pop ebx
				; -------------------------
				ret
 00000078			stand ENDP
				;------------------------------


				;----------- MAIN ------------
 00000078			main PROC

 00000078  68 0000000C R	push offset LTRL2
 0000007D  E8 00000000 E	call outrad

 00000082  0F BF 05		movsx eax, word ptr LTRL3
	   00000027 R
 00000089  50			push eax

 0000008A  5B			pop ebx
 0000008B  66| 89 1D		mov word ptr mainsix, bx
	   00000108 R


 00000092  0F BF 05		movsx eax, word ptr mainsix
	   00000108 R
 00000099  50			push eax
 0000009A  E8 00000000 E	call outlich

 0000009F  68 00000000 R	push offset newline
 000000A4  E8 00000000 E	call outrad


 000000A9  68 00000029 R	push offset LTRL4
 000000AE  E8 00000000 E	call outrad

 000000B3  68 00000000 R	push offset newline
 000000B8  E8 00000000 E	call outrad

 000000BD  0F BF 05		movsx eax, word ptr LTRL5
	   00000040 R
 000000C4  50			push eax

 000000C5  5B			pop ebx
 000000C6  66| 89 1D		mov word ptr mainabc, bx
	   0000010E R

 000000CD  0F BF 05		movsx eax, word ptr LTRL6
	   00000042 R
 000000D4  50			push eax

 000000D5  5B			pop ebx
 000000D6  66| 89 1D		mov word ptr mainabcd, bx
	   00000110 R

 000000DD  0F BF 05		movsx eax, word ptr LTRL7
	   00000044 R
 000000E4  50			push eax

 000000E5  5B			pop ebx
 000000E6  66| 89 1D		mov word ptr mainf, bx
	   00000112 R

 000000ED  0F BF 05		movsx eax, word ptr LTRL5
	   00000040 R
 000000F4  50			push eax

 000000F5  5B			pop ebx
 000000F6  66| 89 1D		mov word ptr mains, bx
	   00000114 R

 000000FD  0F BF 05		movsx eax, word ptr mainf
	   00000112 R
 00000104  50			push eax
 00000105  0F BF 05		movsx eax, word ptr mains
	   00000114 R
 0000010C  50			push eax
 0000010D  5B			pop ebx
 0000010E  58			pop eax
 0000010F  99			cdq
 00000110  F7 FB		idiv ebx
 00000112  50			push eax

 00000113  5B			pop ebx
 00000114  66| 89 1D		mov word ptr mainfinish, bx
	   00000116 R


 0000011B  68 00000046 R	push offset LTRL8
 00000120  E8 00000000 E	call outrad


 00000125  0F BF 05		movsx eax, word ptr mainfinish
	   00000116 R
 0000012C  50			push eax
 0000012D  E8 00000000 E	call outlich

 00000132  68 00000000 R	push offset newline
 00000137  E8 00000000 E	call outrad


 0000013C  68 00000029 R	push offset LTRL4
 00000141  E8 00000000 E	call outrad

 00000146  68 00000000 R	push offset newline
 0000014B  E8 00000000 E	call outrad


 00000150  68 0000005B R	push offset LTRL9
 00000155  E8 00000000 E	call outrad


 0000015A  0F BF 05		movsx eax, word ptr mainabc
	   0000010E R
 00000161  50			push eax
 00000162  E8 00000000 E	call outlich


 00000167  68 0000005D R	push offset LTRL10
 0000016C  E8 00000000 E	call outrad


 00000171  0F BF 05		movsx eax, word ptr mainabcd
	   00000110 R
 00000178  50			push eax
 00000179  E8 00000000 E	call outlich


 0000017E  68 00000060 R	push offset LTRL11
 00000183  E8 00000000 E	call outrad

 00000188  66| 8B 15		mov dx, word ptr mainabc
	   0000010E R
 0000018F  66| 3B 15		cmp dx, word ptr mainabcd
	   00000110 R

 00000196  74 04		jz right2
 00000198  7F 02		jg right2
 0000019A  75 0C		jnz wrong2
 0000019C			right2:
 0000019C  C7 05 00000104 R	mov standstr, offset LTRL12
	   00000064 R
 000001A6  EB 0A		jmp next2
 000001A8			wrong2:
 000001A8  C7 05 00000104 R	mov standstr, offset LTRL13
	   00000069 R
 000001B2			next2:

 000001B2  FF 35 00000104 R	push standstr
 000001B8  E8 00000000 E	call outrad

 000001BD  68 00000000 R	push offset newline
 000001C2  E8 00000000 E	call outrad


 000001C7  68 00000029 R	push offset LTRL4
 000001CC  E8 00000000 E	call outrad

 000001D1  68 00000000 R	push offset newline
 000001D6  E8 00000000 E	call outrad

 000001DB  C7 05 00000118 R	mov standmh, offset LTRL14
	   0000006F R
 000001E5  C7 05 0000011C R	mov standmi, offset LTRL15
	   00000071 R
 000001EF  C7 05 00000120 R	mov standmiv, offset LTRL16
	   00000073 R

 000001F9  FF 35 00000118 R	push standmh
 000001FF  E8 00000000 E	call outrad


 00000204  FF 35 0000011C R	push standmi
 0000020A  E8 00000000 E	call outrad


 0000020F  FF 35 00000120 R	push standmiv
 00000215  E8 00000000 E	call outrad

 0000021A  68 00000000 R	push offset newline
 0000021F  E8 00000000 E	call outrad


 00000224  68 00000029 R	push offset LTRL4
 00000229  E8 00000000 E	call outrad

 0000022E  68 00000000 R	push offset newline
 00000233  E8 00000000 E	call outrad

 00000238  C7 05 00000124 R	mov standdsa, offset LTRL13
	   00000069 R
 00000242  C7 05 00000128 R	mov standytr, offset LTRL13
	   00000069 R

 0000024C  68 00000075 R	push offset LTRL17
 00000251  E8 00000000 E	call outrad


 00000256  FF 35 00000128 R	push standytr
 0000025C  FF 35 00000124 R	push standdsa
 00000262  68 00000002 R	push offset buffer
 00000267  E8 00000000 E	call compare
 0000026C  98			cwde
 0000026D  50			push eax

 0000026E  5B			pop ebx
 0000026F  66| 89 1D		mov word ptr standasd, bx
	   0000012C R

 00000276  66| 8B 15		mov dx, word ptr standasd
	   0000012C R
 0000027D  66| 3B 15		cmp dx, word ptr LTRL18
	   0000007F R

 00000284  74 02		jz right3
 00000286  75 0C		jnz wrong3
 00000288			right3:

 00000288  68 00000081 R	push offset LTRL19
 0000028D  E8 00000000 E	call outrad

 00000292  EB 0A		jmp next3
 00000294			wrong3:

 00000294  68 00000098 R	push offset LTRL20
 00000299  E8 00000000 E	call outrad

 0000029E			next3:
 0000029E  68 00000000 R	push offset newline
 000002A3  E8 00000000 E	call outrad


 000002A8  68 00000029 R	push offset LTRL4
 000002AD  E8 00000000 E	call outrad

 000002B2  68 00000000 R	push offset newline
 000002B7  E8 00000000 E	call outrad


 000002BC  68 000000B3 R	push offset LTRL21
 000002C1  E8 00000000 E	call outrad


 000002C6  0F BF 05		movsx eax, word ptr LTRL22
	   000000C3 R
 000002CD  50			push eax
 000002CE  0F BF 05		movsx eax, word ptr LTRL18
	   0000007F R
 000002D5  50			push eax
 000002D6  68 00000002 R	push offset buffer
 000002DB  E8 00000000 E	call rnd
 000002E0  98			cwde
 000002E1  50			push eax

 000002E2  5B			pop ebx
 000002E3  66| 89 1D		mov word ptr standx, bx
	   0000012E R


 000002EA  0F BF 05		movsx eax, word ptr standx
	   0000012E R
 000002F1  50			push eax
 000002F2  E8 00000000 E	call outlich

 000002F7  68 00000000 R	push offset newline
 000002FC  E8 00000000 E	call outrad


 00000301  68 00000029 R	push offset LTRL4
 00000306  E8 00000000 E	call outrad

 0000030B  68 00000000 R	push offset newline
 00000310  E8 00000000 E	call outrad

 00000315  0F BF 05		movsx eax, word ptr LTRL23
	   000000C5 R
 0000031C  50			push eax

 0000031D  5B			pop ebx
 0000031E  66| 89 1D		mov word ptr standu, bx
	   00000130 R

 00000325  0F BF 05		movsx eax, word ptr LTRL24
	   000000C7 R
 0000032C  50			push eax

 0000032D  5B			pop ebx
 0000032E  66| 89 1D		mov word ptr standv, bx
	   00000132 R


 00000335  68 000000C9 R	push offset LTRL25
 0000033A  E8 00000000 E	call outrad

 0000033F  0F BF 05		movsx eax, word ptr standu
	   00000130 R
 00000346  50			push eax
 00000347  0F BF 05		movsx eax, word ptr standv
	   00000132 R
 0000034E  50			push eax
 0000034F  0F BF 05		movsx eax, word ptr LTRL5
	   00000040 R
 00000356  50			push eax
 00000357  5B			pop ebx
 00000358  58			pop eax
 00000359  0F AF C3		imul eax, ebx
 0000035C  50			push eax
 0000035D  5B			pop ebx
 0000035E  58			pop eax
 0000035F  03 C3		add eax, ebx
 00000361  50			push eax
 00000362  0F BF 05		movsx eax, word ptr LTRL6
	   00000042 R
 00000369  50			push eax
 0000036A  0F BF 05		movsx eax, word ptr LTRL6
	   00000042 R
 00000371  50			push eax
 00000372  5B			pop ebx
 00000373  58			pop eax
 00000374  03 C3		add eax, ebx
 00000376  50			push eax
 00000377  0F BF 05		movsx eax, word ptr LTRL5
	   00000040 R
 0000037E  50			push eax
 0000037F  5B			pop ebx
 00000380  58			pop eax
 00000381  99			cdq
 00000382  F7 FB		idiv ebx
 00000384  50			push eax
 00000385  5B			pop ebx
 00000386  58			pop eax
 00000387  2B C3		sub eax, ebx
 00000389  73 02		jnc bk
 0000038B  F7 D8		neg eax
 0000038D			bk: 
 0000038D  50			push eax

 0000038E  0F BF 05		movsx eax, word ptr LTRL26
	   000000E2 R
 00000395  50			push eax
 00000396  0F BF 05		movsx eax, word ptr LTRL23
	   000000C5 R
 0000039D  50			push eax
 0000039E  E8 FFFFFC5D		call max
 000003A3  98			cwde
 000003A4  50			push eax
 000003A5  5B			pop ebx
 000003A6  58			pop eax
 000003A7  03 C3		add eax, ebx
 000003A9  50			push eax

 000003AA  5B			pop ebx
 000003AB  66| 89 1D		mov word ptr standr, bx
	   00000134 R


 000003B2  0F BF 05		movsx eax, word ptr standr
	   00000134 R
 000003B9  50			push eax
 000003BA  E8 00000000 E	call outlich

 000003BF  68 00000000 R	push offset newline
 000003C4  E8 00000000 E	call outrad


 000003C9  68 00000029 R	push offset LTRL4
 000003CE  E8 00000000 E	call outrad

 000003D3  68 00000000 R	push offset newline
 000003D8  E8 00000000 E	call outrad

 000003DD  C7 05 00000136 R	mov standc, offset LTRL27
	   000000E4 R

 000003E7  68 000000E8 R	push offset LTRL28
 000003EC  E8 00000000 E	call outrad


 000003F1  FF 35 00000136 R	push standc
 000003F7  68 00000002 R	push offset buffer
 000003FC  E8 00000000 E	call aton
 00000401  98			cwde
 00000402  50			push eax
 00000403  E8 00000000 E	call outlich

 00000408  68 00000000 R	push offset newline
 0000040D  E8 00000000 E	call outrad


 00000412  68 00000029 R	push offset LTRL4
 00000417  E8 00000000 E	call outrad

 0000041C  68 00000000 R	push offset newline
 00000421  E8 00000000 E	call outrad

 00000426  C7 05 0000013C R	mov standlen, offset LTRL29
	   0000010A R

 00000430  68 00000116 R	push offset LTRL30
 00000435  E8 00000000 E	call outrad


 0000043A  FF 35 0000013C R	push standlen
 00000440  68 00000002 R	push offset buffer
 00000445  E8 00000000 E	call slength
 0000044A  98			cwde
 0000044B  50			push eax
 0000044C  E8 00000000 E	call outlich

 00000451  68 00000000 R	push offset newline
 00000456  E8 00000000 E	call outrad


 0000045B  68 00000029 R	push offset LTRL4
 00000460  E8 00000000 E	call outrad

 00000465  68 00000000 R	push offset newline
 0000046A  E8 00000000 E	call outrad

 0000046F  0F BF 05		movsx eax, word ptr LTRL31
	   00000124 R
 00000476  50			push eax

 00000477  5B			pop ebx
 00000478  66| 89 1D		mov word ptr standnumb, bx
	   00000140 R

 0000047F  0F BF 05		movsx eax, word ptr standnumb
	   00000140 R
 00000486  50			push eax
 00000487  0F BF 05		movsx eax, word ptr LTRL32
	   00000126 R
 0000048E  50			push eax
 0000048F  5B			pop ebx
 00000490  58			pop eax
 00000491  99			cdq
 00000492  BA 00000000		mov edx,0
 00000497  F7 FB		idiv ebx
 00000499  52			push edx

 0000049A  5B			pop ebx
 0000049B  66| 89 1D		mov word ptr standremainder, bx
	   00000142 R


 000004A2  68 00000128 R	push offset LTRL33
 000004A7  E8 00000000 E	call outrad


 000004AC  0F BF 05		movsx eax, word ptr standremainder
	   00000142 R
 000004B3  50			push eax
 000004B4  E8 00000000 E	call outlich

 000004B9  68 00000000 R	push offset newline
 000004BE  E8 00000000 E	call outrad


 000004C3  68 00000029 R	push offset LTRL4
 000004C8  E8 00000000 E	call outrad

 000004CD  68 00000000 R	push offset newline
 000004D2  E8 00000000 E	call outrad

 000004D7  C7 05 00000144 R	mov standname, offset LTRL34
	   0000014B R
 000004E1  C7 05 00000148 R	mov standsurname, offset LTRL35
	   00000156 R
 000004EB  0F BF 05		movsx eax, word ptr LTRL6
	   00000042 R
 000004F2  50			push eax

 000004F3  5B			pop ebx
 000004F4  66| 89 1D		mov word ptr standpoi, bx
	   0000014C R

 000004FB  0F BF 05		movsx eax, word ptr LTRL6
	   00000042 R
 00000502  50			push eax

 00000503  5B			pop ebx
 00000504  66| 89 1D		mov word ptr standisi, bx
	   0000014E R

 0000050B  66| 8B 15		mov dx, word ptr standpoi
	   0000014C R
 00000512  66| 3B 15		cmp dx, word ptr standisi
	   0000014E R

 00000519  74 04		jz right4
 0000051B  7C 02		jl right4
 0000051D  75 13		jnz wrong4
 0000051F			right4:

 0000051F  FF 35 00000148 R	push standsurname
 00000525  FF 35 00000144 R	push standname
 0000052B  E8 FFFFFB09		call stand

 00000530  EB 0A		jmp next4
 00000532			wrong4:

 00000532  68 00000163 R	push offset LTRL36
 00000537  E8 00000000 E	call outrad

 0000053C			next4:

 0000053C  68 00000029 R	push offset LTRL4
 00000541  E8 00000000 E	call outrad

 00000546  68 00000000 R	push offset newline
 0000054B  E8 00000000 E	call outrad

 00000550  0F BF 05		movsx eax, word ptr LTRL22
	   000000C3 R
 00000557  50			push eax

 00000558  5B			pop ebx
 00000559  66| 89 1D		mov word ptr standab, bx
	   00000150 R


 00000560  68 00000169 R	push offset LTRL37
 00000565  E8 00000000 E	call outrad

 0000056A			cycle5:

 0000056A  0F BF 05		movsx eax, word ptr standab
	   00000150 R
 00000571  50			push eax
 00000572  E8 00000000 E	call outlich


 00000577  68 0000017E R	push offset LTRL38
 0000057C  E8 00000000 E	call outrad

 00000581  0F BF 05		movsx eax, word ptr standab
	   00000150 R
 00000588  50			push eax
 00000589  0F BF 05		movsx eax, word ptr LTRL5
	   00000040 R
 00000590  50			push eax
 00000591  5B			pop ebx
 00000592  58			pop eax
 00000593  03 C3		add eax, ebx
 00000595  50			push eax

 00000596  5B			pop ebx
 00000597  66| 89 1D		mov word ptr standab, bx
	   00000150 R

 0000059E  66| 8B 15		mov dx, word ptr standab
	   00000150 R
 000005A5  66| 3B 15		cmp dx, word ptr LTRL22
	   000000C3 R

 000005AC  7C BC		jl cycle5
 000005AE			cyclenext5:

 000005AE  0F BF 05		movsx eax, word ptr standab
	   00000150 R
 000005B5  50			push eax
 000005B6  E8 00000000 E	call outlich

 000005BB  68 00000000 R	push offset newline
 000005C0  E8 00000000 E	call outrad

 000005C5  6A 00		push 0
 000005C7  E8 00000000 E	call ExitProcess
 000005CC			main ENDP
				end main
Microsoft (R) Macro Assembler Version 14.44.35213.0	    12/08/25 17:03:28
out.asm							     Symbols 2 - 1




Segments and Groups:

                N a m e                 Size     Length   Align   Combine Class

CONST  . . . . . . . . . . . . .	32 Bit	 00000180 Para	  Public  'CONST'	 ReadOnly
FLAT . . . . . . . . . . . . . .	GROUP
STACK  . . . . . . . . . . . . .	32 Bit	 00001000 Para	  Stack	  'STACK'	 
_DATA  . . . . . . . . . . . . .	32 Bit	 00000152 Para	  Public  'DATA'	
_TEXT  . . . . . . . . . . . . .	32 Bit	 000005CC Para	  Public  'CODE'	


Procedures, parameters, and locals:

                N a m e                 Type     Value    Attr

ExitProcess  . . . . . . . . . .	P Near	 00000000 FLAT	Length= 00000000 External STDCALL
aton . . . . . . . . . . . . . .	P Near	 00000000 FLAT	Length= 00000000 External STDCALL
compare  . . . . . . . . . . . .	P Near	 00000000 FLAT	Length= 00000000 External STDCALL
concat . . . . . . . . . . . . .	P Near	 00000000 FLAT	Length= 00000000 External STDCALL
main . . . . . . . . . . . . . .	P Near	 00000078 _TEXT	Length= 00000554 Public STDCALL
  right2 . . . . . . . . . . . .	L Near	 0000019C _TEXT	
  wrong2 . . . . . . . . . . . .	L Near	 000001A8 _TEXT	
  next2  . . . . . . . . . . . .	L Near	 000001B2 _TEXT	
  right3 . . . . . . . . . . . .	L Near	 00000288 _TEXT	
  wrong3 . . . . . . . . . . . .	L Near	 00000294 _TEXT	
  next3  . . . . . . . . . . . .	L Near	 0000029E _TEXT	
  bk . . . . . . . . . . . . . .	L Near	 0000038D _TEXT	
  right4 . . . . . . . . . . . .	L Near	 0000051F _TEXT	
  wrong4 . . . . . . . . . . . .	L Near	 00000532 _TEXT	
  next4  . . . . . . . . . . . .	L Near	 0000053C _TEXT	
  cycle5 . . . . . . . . . . . .	L Near	 0000056A _TEXT	
  cyclenext5 . . . . . . . . . .	L Near	 000005AE _TEXT	
max  . . . . . . . . . . . . . .	P Near	 00000000 _TEXT	Length= 00000039 Public STDCALL
  maxx . . . . . . . . . . . . .	DWord	 bp + 00000008
  maxy . . . . . . . . . . . . .	DWord	 bp + 0000000C
  right1 . . . . . . . . . . . .	L Near	 00000011 _TEXT	
  wrong1 . . . . . . . . . . . .	L Near	 00000020 _TEXT	
  next1  . . . . . . . . . . . .	L Near	 0000002D _TEXT	
outlich  . . . . . . . . . . . .	P Near	 00000000 FLAT	Length= 00000000 External STDCALL
outrad . . . . . . . . . . . . .	P Near	 00000000 FLAT	Length= 00000000 External STDCALL
rnd  . . . . . . . . . . . . . .	P Near	 00000000 FLAT	Length= 00000000 External STDCALL
slength  . . . . . . . . . . . .	P Near	 00000000 FLAT	Length= 00000000 External STDCALL
stand  . . . . . . . . . . . . .	P Near	 00000039 _TEXT	Length= 0000003F Public STDCALL
  standa . . . . . . . . . . . .	DWord	 bp + 00000008
  standb . . . . . . . . . . . .	DWord	 bp + 0000000C


Symbols:

                N a m e                 Type     Value    Attr

@CodeSize  . . . . . . . . . . .	Number	 00000000h   
@DataSize  . . . . . . . . . . .	Number	 00000000h   
@Interface . . . . . . . . . . .	Number	 00000003h   
@Model . . . . . . . . . . . . .	Number	 00000007h   
@code  . . . . . . . . . . . . .	Text   	 _TEXT
@data  . . . . . . . . . . . . .	Text   	 FLAT
@fardata?  . . . . . . . . . . .	Text   	 FLAT
@fardata . . . . . . . . . . . .	Text   	 FLAT
@stack . . . . . . . . . . . . .	Text   	 FLAT
LTRL10 . . . . . . . . . . . . .	Byte	 0000005D CONST	
LTRL11 . . . . . . . . . . . . .	Byte	 00000060 CONST	
LTRL12 . . . . . . . . . . . . .	Byte	 00000064 CONST	
LTRL13 . . . . . . . . . . . . .	Byte	 00000069 CONST	
LTRL14 . . . . . . . . . . . . .	Byte	 0000006F CONST	
LTRL15 . . . . . . . . . . . . .	Byte	 00000071 CONST	
LTRL16 . . . . . . . . . . . . .	Byte	 00000073 CONST	
LTRL17 . . . . . . . . . . . . .	Byte	 00000075 CONST	
LTRL18 . . . . . . . . . . . . .	Word	 0000007F CONST	
LTRL19 . . . . . . . . . . . . .	Byte	 00000081 CONST	
LTRL1  . . . . . . . . . . . . .	Byte	 00000003 CONST	
LTRL20 . . . . . . . . . . . . .	Byte	 00000098 CONST	
LTRL21 . . . . . . . . . . . . .	Byte	 000000B3 CONST	
LTRL22 . . . . . . . . . . . . .	Word	 000000C3 CONST	
LTRL23 . . . . . . . . . . . . .	Word	 000000C5 CONST	
LTRL24 . . . . . . . . . . . . .	Word	 000000C7 CONST	
LTRL25 . . . . . . . . . . . . .	Byte	 000000C9 CONST	
LTRL26 . . . . . . . . . . . . .	Word	 000000E2 CONST	
LTRL27 . . . . . . . . . . . . .	Byte	 000000E4 CONST	
LTRL28 . . . . . . . . . . . . .	Byte	 000000E8 CONST	
LTRL29 . . . . . . . . . . . . .	Byte	 0000010A CONST	
LTRL2  . . . . . . . . . . . . .	Byte	 0000000C CONST	
LTRL30 . . . . . . . . . . . . .	Byte	 00000116 CONST	
LTRL31 . . . . . . . . . . . . .	Word	 00000124 CONST	
LTRL32 . . . . . . . . . . . . .	Word	 00000126 CONST	
LTRL33 . . . . . . . . . . . . .	Byte	 00000128 CONST	
LTRL34 . . . . . . . . . . . . .	Byte	 0000014B CONST	
LTRL35 . . . . . . . . . . . . .	Byte	 00000156 CONST	
LTRL36 . . . . . . . . . . . . .	Byte	 00000163 CONST	
LTRL37 . . . . . . . . . . . . .	Byte	 00000169 CONST	
LTRL38 . . . . . . . . . . . . .	Byte	 0000017E CONST	
LTRL3  . . . . . . . . . . . . .	Word	 00000027 CONST	
LTRL4  . . . . . . . . . . . . .	Byte	 00000029 CONST	
LTRL5  . . . . . . . . . . . . .	Word	 00000040 CONST	
LTRL6  . . . . . . . . . . . . .	Word	 00000042 CONST	
LTRL7  . . . . . . . . . . . . .	Word	 00000044 CONST	
LTRL8  . . . . . . . . . . . . .	Byte	 00000046 CONST	
LTRL9  . . . . . . . . . . . . .	Byte	 0000005B CONST	
buffer . . . . . . . . . . . . .	Byte	 00000002 _DATA	
mainabcd . . . . . . . . . . . .	Word	 00000110 _DATA	
mainabc  . . . . . . . . . . . .	Word	 0000010E _DATA	
mainfinish . . . . . . . . . . .	Word	 00000116 _DATA	
mainf  . . . . . . . . . . . . .	Word	 00000112 _DATA	
mainsix  . . . . . . . . . . . .	Word	 00000108 _DATA	
mainstr  . . . . . . . . . . . .	DWord	 0000010A _DATA	
mains  . . . . . . . . . . . . .	Word	 00000114 _DATA	
maxres . . . . . . . . . . . . .	Word	 00000102 _DATA	
newline  . . . . . . . . . . . .	Byte	 00000000 CONST	
standab  . . . . . . . . . . . .	Word	 00000150 _DATA	
standasd . . . . . . . . . . . .	Word	 0000012C _DATA	
standc . . . . . . . . . . . . .	DWord	 00000136 _DATA	
standdsa . . . . . . . . . . . .	DWord	 00000124 _DATA	
standisi . . . . . . . . . . . .	Word	 0000014E _DATA	
standk . . . . . . . . . . . . .	Word	 0000013A _DATA	
standlen . . . . . . . . . . . .	DWord	 0000013C _DATA	
standmh  . . . . . . . . . . . .	DWord	 00000118 _DATA	
standmiv . . . . . . . . . . . .	DWord	 00000120 _DATA	
standmi  . . . . . . . . . . . .	DWord	 0000011C _DATA	
standname  . . . . . . . . . . .	DWord	 00000144 _DATA	
standnumb  . . . . . . . . . . .	Word	 00000140 _DATA	
standpoi . . . . . . . . . . . .	Word	 0000014C _DATA	
standremainder . . . . . . . . .	Word	 00000142 _DATA	
standr . . . . . . . . . . . . .	Word	 00000134 _DATA	
standstr . . . . . . . . . . . .	DWord	 00000104 _DATA	
standsurname . . . . . . . . . .	DWord	 00000148 _DATA	
standu . . . . . . . . . . . . .	Word	 00000130 _DATA	
standv . . . . . . . . . . . . .	Word	 00000132 _DATA	
standx . . . . . . . . . . . . .	Word	 0000012E _DATA	
standytr . . . . . . . . . . . .	DWord	 00000128 _DATA	
temp . . . . . . . . . . . . . .	Word	 00000000 _DATA	

	   0 Warnings
	   0 Errors
