d:\gas-2025\gas-2025-kp-3sem-kpo-\gas-2025\debug\vc143.pdb
d:\gas-2025\gas-2025-kp-3sem-kpo-\gas-2025\debug\vc143.idb
d:\gas-2025\gas-2025-kp-3sem-kpo-\gas-2025\debug\semanalysis.obj
d:\gas-2025\gas-2025-kp-3sem-kpo-\gas-2025\debug\polishnotation.obj
d:\gas-2025\gas-2025-kp-3sem-kpo-\gas-2025\debug\parm.obj
d:\gas-2025\gas-2025-kp-3sem-kpo-\gas-2025\debug\mfst.obj
d:\gas-2025\gas-2025-kp-3sem-kpo-\gas-2025\debug\gas-2025.obj
d:\gas-2025\gas-2025-kp-3sem-kpo-\gas-2025\debug\lt.obj
d:\gas-2025\gas-2025-kp-3sem-kpo-\gas-2025\debug\log.obj
d:\gas-2025\gas-2025-kp-3sem-kpo-\gas-2025\debug\lexanalysis.obj
d:\gas-2025\gas-2025-kp-3sem-kpo-\gas-2025\debug\it.obj
d:\gas-2025\gas-2025-kp-3sem-kpo-\gas-2025\debug\in.obj
d:\gas-2025\gas-2025-kp-3sem-kpo-\gas-2025\debug\grb.obj
d:\gas-2025\gas-2025-kp-3sem-kpo-\gas-2025\debug\generator.obj
d:\gas-2025\gas-2025-kp-3sem-kpo-\gas-2025\debug\fst.obj
d:\gas-2025\gas-2025-kp-3sem-kpo-\gas-2025\debug\error.obj
d:\gas-2025\gas-2025-kp-3sem-kpo-\debug\gas-2025.exe
d:\gas-2025\gas-2025-kp-3sem-kpo-\debug\gas-2025.pdb
d:\gas-2025\gas-2025-kp-3sem-kpo-\gas-2025\debug\gas-2025.ilk
d:\gas-2025\gas-2025-kp-3sem-kpo-\gas-2025\debug\gas-2025.tlog\cl.command.1.tlog
d:\gas-2025\gas-2025-kp-3sem-kpo-\gas-2025\debug\gas-2025.tlog\cl.items.tlog
d:\gas-2025\gas-2025-kp-3sem-kpo-\gas-2025\debug\gas-2025.tlog\cl.read.1.tlog
d:\gas-2025\gas-2025-kp-3sem-kpo-\gas-2025\debug\gas-2025.tlog\cl.write.1.tlog
d:\gas-2025\gas-2025-kp-3sem-kpo-\gas-2025\debug\gas-2025.tlog\link.command.1.tlog
d:\gas-2025\gas-2025-kp-3sem-kpo-\gas-2025\debug\gas-2025.tlog\link.read.1.tlog
d:\gas-2025\gas-2025-kp-3sem-kpo-\gas-2025\debug\gas-2025.tlog\link.secondary.1.tlog
d:\gas-2025\gas-2025-kp-3sem-kpo-\gas-2025\debug\gas-2025.tlog\link.write.1.tlog
